<?xml version="1.0" encoding="UTF-8"?>
<!-- Generated by org.testng.reporters.JUnitXMLReporter -->
<testsuite ignored="0" hostname="DESKTOP-45L3Q3R" failures="0" tests="1" name="Default test(failed)" time="0.104" errors="0" timestamp="2023-04-01T12:15:10 IST">
  <testcase classname="com.inetBankingV1.testCases.BaseClass" name="@BeforeClass setup" time="-1.680331510233E9">
    <failure type="org.testng.TestNGException" message="
Parameter &amp;apos;browser&amp;apos; is required by BeforeClass on method setup but has not been marked @Optional or defined
in C:\Users\moolya\eclipse-workspace\inetBankingV1\test-output\Default suite\testng-failed.xml">
      <![CDATA[org.testng.TestNGException: 
Parameter 'browser' is required by BeforeClass on method setup but has not been marked @Optional or defined
in C:\Users\moolya\eclipse-workspace\inetBankingV1\test-output\Default suite\testng-failed.xml
at java.base/java.util.ArrayList.forEach(ArrayList.java:1511)
... Removed 22 stack frames]]>
    </failure>
  </testcase> <!-- @BeforeClass setup -->
  <testcase classname="com.inetBankingV1.testCases.BaseClass" name="@AfterClass closed" time="0.0">
    <skipped/>
  </testcase> <!-- @AfterClass closed -->
  <testcase classname="com.inetBankingV1.testCases.TC_Login001" name="loginTest" time="0.0">
    <skipped/>
  </testcase> <!-- loginTest -->
</testsuite> <!-- Default test(failed) -->
